[0726/133337.182:ERROR:process_memory_win.cc(73)] ReadMemory at 0x7ff61e150000 of 64 bytes failed: Only part of a ReadProcessMemory or WriteProcessMemory request was completed. (0x12B)
[0726/133337.182:WARNING:pe_image_reader.cc(340)] could not read dos header from C:\Program Files (x86)\Google\Chrome\Application\chrome.exe
[0726/133337.182:ERROR:process_memory_win.cc(73)] ReadMemory at 0x7ff9af320000 of 64 bytes failed: Only part of a ReadProcessMemory or WriteProcessMemory request was completed. (0x12B)
[0726/133337.182:WARNING:pe_image_reader.cc(340)] could not read dos header from C:\WINDOWS\SYSTEM32\ntdll.dll
[0726/133337.182:ERROR:process_memory_win.cc(73)] ReadMemory at 0x7ff9aecf0000 of 64 bytes failed: Only part of a ReadProcessMemory or WriteProcessMemory request was completed. (0x12B)
[0726/133337.182:WARNING:pe_image_reader.cc(340)] could not read dos header from C:\WINDOWS\System32\KERNEL32.DLL
[0726/133337.182:ERROR:process_memory_win.cc(73)] ReadMemory at 0x7ff9ac370000 of 64 bytes failed: Only part of a ReadProcessMemory or WriteProcessMemory request was completed. (0x12B)
[0726/133337.182:WARNING:pe_image_reader.cc(340)] could not read dos header from C:\WINDOWS\System32\KERNELBASE.dll
[0726/133337.182:ERROR:process_memory_win.cc(73)] ReadMemory at 0x7ff982d40000 of 64 bytes failed: Only part of a ReadProcessMemory or WriteProcessMemory request was completed. (0x12B)
[0726/133337.182:WARNING:pe_image_reader.cc(340)] could not read dos header from C:\Program Files (x86)\Google\Chrome\Application\84.0.4147.89\chrome_elf.dll
[0726/133337.182:ERROR:process_memory_win.cc(73)] ReadMemory at 0x7ff9a66a0000 of 64 bytes failed: Only part of a ReadProcessMemory or WriteProcessMemory request was completed. (0x12B)
[0726/133337.182:WARNING:pe_image_reader.cc(340)] could not read dos header from C:\WINDOWS\SYSTEM32\VERSION.dll
[0726/133337.182:ERROR:process_memory_win.cc(73)] ReadMemory at 0x7ff9ad670000 of 64 bytes failed: Only part of a ReadProcessMemory or WriteProcessMemory request was completed. (0x12B)
[0726/133337.182:WARNING:pe_image_reader.cc(340)] could not read dos header from C:\WINDOWS\System32\msvcrt.dll
[0726/133337.182:ERROR:process_memory_win.cc(73)] ReadMemory at 0x7ff9ac2a0000 of 64 bytes failed: Only part of a ReadProcessMemory or WriteProcessMemory request was completed. (0x12B)
[0726/133337.182:WARNING:pe_image_reader.cc(340)] could not read dos header from C:\WINDOWS\System32\bcryptPrimitives.dll
[0726/133337.182:ERROR:process_memory_win.cc(73)] ReadMemory at 0x7ff9ada10000 of 64 bytes failed: Only part of a ReadProcessMemory or WriteProcessMemory request was completed. (0x12B)
[0726/133337.182:WARNING:pe_image_reader.cc(340)] could not read dos header from C:\WINDOWS\System32\ADVAPI32.dll
[0726/133337.182:ERROR:process_memory_win.cc(73)] ReadMemory at 0x7ff9aee80000 of 64 bytes failed: Only part of a ReadProcessMemory or WriteProcessMemory request was completed. (0x12B)
[0726/133337.182:WARNING:pe_image_reader.cc(340)] could not read dos header from C:\WINDOWS\System32\sechost.dll
[0726/133337.182:ERROR:process_memory_win.cc(73)] ReadMemory at 0x7ff9ad8c0000 of 64 bytes failed: Only part of a ReadProcessMemory or WriteProcessMemory request was completed. (0x12B)
[0726/133337.182:WARNING:pe_image_reader.cc(340)] could not read dos header from C:\WINDOWS\System32\RPCRT4.dll
[0726/133337.182:ERROR:process_memory_win.cc(73)] ReadMemory at 0x7ff93bea0000 of 64 bytes failed: Only part of a ReadProcessMemory or WriteProcessMemory request was completed. (0x12B)
[0726/133337.182:WARNING:pe_image_reader.cc(340)] could not read dos header from C:\Program Files (x86)\Google\Chrome\Application\84.0.4147.89\chrome.dll
[0726/133337.182:ERROR:process_memory_win.cc(73)] ReadMemory at 0x7ff9ae450000 of 64 bytes failed: Only part of a ReadProcessMemory or WriteProcessMemory request was completed. (0x12B)
[0726/133337.182:WARNING:pe_image_reader.cc(340)] could not read dos header from C:\WINDOWS\System32\WS2_32.dll
[0726/133337.182:ERROR:process_memory_win.cc(73)] ReadMemory at 0x1fbde760000 of 64 bytes failed: Only part of a ReadProcessMemory or WriteProcessMemory request was completed. (0x12B)
[0726/133337.182:WARNING:pe_image_reader.cc(340)] could not read dos header from C:\WINDOWS\System32\OLEAUT32.dll
[0726/133337.182:ERROR:process_memory_win.cc(73)] ReadMemory at 0x7ff9ac650000 of 64 bytes failed: Only part of a ReadProcessMemory or WriteProcessMemory request was completed. (0x12B)
[0726/133337.182:WARNING:pe_image_reader.cc(340)] could not read dos header from C:\WINDOWS\System32\msvcp_win.dll
[0726/133337.182:ERROR:process_memory_win.cc(73)] ReadMemory at 0x7ff9ac6f0000 of 64 bytes failed: Only part of a ReadProcessMemory or WriteProcessMemory request was completed. (0x12B)
[0726/133337.182:WARNING:pe_image_reader.cc(340)] could not read dos header from C:\WINDOWS\System32\ucrtbase.dll
[0726/133337.182:ERROR:process_memory_win.cc(73)] ReadMemory at 0x7ff9ae0b0000 of 64 bytes failed: Only part of a ReadProcessMemory or WriteProcessMemory request was completed. (0x12B)
[0726/133337.182:WARNING:pe_image_reader.cc(340)] could not read dos header from C:\WINDOWS\System32\combase.dll
[0726/133337.182:ERROR:process_memory_win.cc(73)] ReadMemory at 0x7ff9aca70000 of 64 bytes failed: Only part of a ReadProcessMemory or WriteProcessMemory request was completed. (0x12B)
[0726/133337.182:WARNING:pe_image_reader.cc(340)] could not read dos header from C:\WINDOWS\System32\WINTRUST.dll
[0726/133337.182:ERROR:process_memory_win.cc(73)] ReadMemory at 0x7ff9ac200000 of 64 bytes failed: Only part of a ReadProcessMemory or WriteProcessMemory request was completed. (0x12B)
[0726/133337.182:WARNING:pe_image_reader.cc(340)] could not read dos header from C:\WINDOWS\System32\MSASN1.dll
[0726/133337.182:ERROR:process_memory_win.cc(73)] ReadMemory at 0x7ff9ad260000 of 64 bytes failed: Only part of a ReadProcessMemory or WriteProcessMemory request was completed. (0x12B)
[0726/133337.182:WARNING:pe_image_reader.cc(340)] could not read dos header from C:\WINDOWS\System32\CRYPT32.dll
[0726/133337.182:ERROR:process_memory_win.cc(73)] ReadMemory at 0x7ff9ab6f0000 of 64 bytes failed: Only part of a ReadProcessMemory or WriteProcessMemory request was completed. (0x12B)
[0726/133337.182:WARNING:pe_image_reader.cc(340)] could not read dos header from C:\WINDOWS\SYSTEM32\IPHLPAPI.DLL
[0726/133337.182:ERROR:process_memory_win.cc(73)] ReadMemory at 0x7ff9a8cd0000 of 64 bytes failed: Only part of a ReadProcessMemory or WriteProcessMemory request was completed. (0x12B)
[0726/133337.182:WARNING:pe_image_reader.cc(340)] could not read dos header from C:\WINDOWS\SYSTEM32\WINMM.dll
[0726/133337.182:ERROR:process_memory_win.cc(73)] ReadMemory at 0x7ff9958f0000 of 64 bytes failed: Only part of a ReadProcessMemory or WriteProcessMemory request was completed. (0x12B)
[0726/133337.182:WARNING:pe_image_reader.cc(340)] could not read dos header from C:\WINDOWS\SYSTEM32\Secur32.dll
[0726/133337.182:ERROR:process_memory_win.cc(73)] ReadMemory at 0x7ff9ac0f0000 of 64 bytes failed: Only part of a ReadProcessMemory or WriteProcessMemory request was completed. (0x12B)
[0726/133337.182:WARNING:pe_image_reader.cc(340)] could not read dos header from C:\WINDOWS\SYSTEM32\USERENV.dll
[0726/133337.182:ERROR:process_memory_win.cc(73)] ReadMemory at 0x7ff9ac270000 of 64 bytes failed: Only part of a ReadProcessMemory or WriteProcessMemory request was completed. (0x12B)
[0726/133337.182:WARNING:pe_image_reader.cc(340)] could not read dos header from C:\WINDOWS\System32\profapi.dll
[0726/133337.182:ERROR:process_memory_win.cc(73)] ReadMemory at 0x7ff98a540000 of 64 bytes failed: Only part of a ReadProcessMemory or WriteProcessMemory request was completed. (0x12B)
[0726/133337.182:WARNING:pe_image_reader.cc(340)] could not read dos header from C:\WINDOWS\SYSTEM32\UIAutomationCore.DLL
[0726/133337.182:ERROR:process_memory_win.cc(73)] ReadMemory at 0x7ff99ebf0000 of 64 bytes failed: Only part of a ReadProcessMemory or WriteProcessMemory request was completed. (0x12B)
[0726/133337.182:WARNING:pe_image_reader.cc(340)] could not read dos header from C:\WINDOWS\SYSTEM32\DWrite.dll
[0726/133337.182:ERROR:process_memory_win.cc(73)] ReadMemory at 0x7ff9a0850000 of 64 bytes failed: Only part of a ReadProcessMemory or WriteProcessMemory request was completed. (0x12B)
[0726/133337.182:WARNING:pe_image_reader.cc(340)] could not read dos header from C:\WINDOWS\SYSTEM32\WINSPOOL.DRV
[0726/133337.182:ERROR:process_memory_win.cc(73)] ReadMemory at 0x7ff9ac1e0000 of 64 bytes failed: Only part of a ReadProcessMemory or WriteProcessMemory request was completed. (0x12B)
[0726/133337.182:WARNING:pe_image_reader.cc(340)] could not read dos header from C:\WINDOWS\System32\kernel.appcore.dll
[0726/133337.182:ERROR:process_memory_win.cc(73)] ReadMemory at 0x7ff9ac7f0000 of 64 bytes failed: Only part of a ReadProcessMemory or WriteProcessMemory request was completed. (0x12B)
[0726/133337.182:WARNING:pe_image_reader.cc(340)] could not read dos header from C:\WINDOWS\System32\bcrypt.dll
[0726/133337.182:ERROR:process_memory_win.cc(73)] ReadMemory at 0x7ff9921d0000 of 64 bytes failed: Only part of a ReadProcessMemory or WriteProcessMemory request was completed. (0x12B)
[0726/133337.182:WARNING:pe_image_reader.cc(340)] could not read dos header from C:\WINDOWS\SYSTEM32\dbghelp.dll
[0726/133337.182:ERROR:process_memory_win.cc(73)] ReadMemory at 0x7ff9a2930000 of 64 bytes failed: Only part of a ReadProcessMemory or WriteProcessMemory request was completed. (0x12B)
[0726/133337.182:WARNING:pe_image_reader.cc(340)] could not read dos header from C:\WINDOWS\SYSTEM32\WINHTTP.dll
[0726/133337.182:ERROR:process_memory_win.cc(73)] ReadMemory at 0x7ff9a53f0000 of 64 bytes failed: Only part of a ReadProcessMemory or WriteProcessMemory request was completed. (0x12B)
[0726/133337.182:WARNING:pe_image_reader.cc(340)] could not read dos header from C:\WINDOWS\SYSTEM32\dhcpcsvc.DLL
[0726/133337.182:ERROR:process_memory_win.cc(73)] ReadMemory at 0x7ff9ad640000 of 64 bytes failed: Only part of a ReadProcessMemory or WriteProcessMemory request was completed. (0x12B)
[0726/133337.182:WARNING:pe_image_reader.cc(340)] could not read dos header from C:\WINDOWS\System32\NSI.dll
[0726/133337.182:ERROR:process_memory_win.cc(73)] ReadMemory at 0x7ff9a8c60000 of 64 bytes failed: Only part of a ReadProcessMemory or WriteProcessMemory request was completed. (0x12B)
[0726/133337.182:WARNING:pe_image_reader.cc(340)] could not read dos header from C:\WINDOWS\SYSTEM32\WINMMBASE.dll
[0726/133337.182:ERROR:process_memory_win.cc(73)] ReadMemory at 0x7ff9ac320000 of 64 bytes failed: Only part of a ReadProcessMemory or WriteProcessMemory request was completed. (0x12B)
[0726/133337.182:WARNING:pe_image_reader.cc(340)] could not read dos header from C:\WINDOWS\System32\cfgmgr32.dll
[0726/133337.182:ERROR:process_memory_win.cc(73)] ReadMemory at 0x7ff9a83b0000 of 64 bytes failed: Only part of a ReadProcessMemory or WriteProcessMemory request was completed. (0x12B)
[0726/133337.182:WARNING:pe_image_reader.cc(340)] could not read dos header from C:\WINDOWS\SYSTEM32\PROPSYS.dll
[0726/133337.182:ERROR:process_memory_win.cc(73)] ReadMemory at 0x7ff9adf40000 of 64 bytes failed: Only part of a ReadProcessMemory or WriteProcessMemory request was completed. (0x12B)
[0726/133337.182:WARNING:pe_image_reader.cc(340)] could not read dos header from C:\WINDOWS\System32\shcore.dll
[0726/133337.182:ERROR:process_memory_win.cc(73)] ReadMemory at 0x7ff9ac0c0000 of 64 bytes failed: Only part of a ReadProcessMemory or WriteProcessMemory request was completed. (0x12B)
[0726/133337.182:WARNING:pe_image_reader.cc(340)] could not read dos header from C:\WINDOWS\SYSTEM32\SSPICLI.DLL
[0726/133337.182:ERROR:process_memory_win.cc(73)] ReadMemory at 0x7ff9abbb0000 of 64 bytes failed: Only part of a ReadProcessMemory or WriteProcessMemory request was completed. (0x12B)
[0726/133337.182:WARNING:pe_image_reader.cc(340)] could not read dos header from C:\WINDOWS\SYSTEM32\CRYPTBASE.DLL
[0726/133337.191:ERROR:process_memory_win.cc(73)] ReadMemory at 0x7ff61e150000 of 64 bytes failed: Only part of a ReadProcessMemory or WriteProcessMemory request was completed. (0x12B)
[0726/133337.191:WARNING:pe_image_reader.cc(340)] could not read dos header from C:\Program Files (x86)\Google\Chrome\Application\chrome.exe
[0726/133337.191:ERROR:process_memory_win.cc(73)] ReadMemory at 0x7ff9af320000 of 64 bytes failed: Only part of a ReadProcessMemory or WriteProcessMemory request was completed. (0x12B)
[0726/133337.191:WARNING:pe_image_reader.cc(340)] could not read dos header from C:\WINDOWS\SYSTEM32\ntdll.dll
[0726/133337.191:ERROR:process_memory_win.cc(73)] ReadMemory at 0x7ff9aecf0000 of 64 bytes failed: Only part of a ReadProcessMemory or WriteProcessMemory request was completed. (0x12B)
[0726/133337.191:WARNING:pe_image_reader.cc(340)] could not read dos header from C:\WINDOWS\System32\KERNEL32.DLL
[0726/133337.191:ERROR:process_memory_win.cc(73)] ReadMemory at 0x7ff9ac370000 of 64 bytes failed: Only part of a ReadProcessMemory or WriteProcessMemory request was completed. (0x12B)
[0726/133337.191:WARNING:pe_image_reader.cc(340)] could not read dos header from C:\WINDOWS\System32\KERNELBASE.dll
[0726/133337.191:ERROR:process_memory_win.cc(73)] ReadMemory at 0x7ff982d40000 of 64 bytes failed: Only part of a ReadProcessMemory or WriteProcessMemory request was completed. (0x12B)
[0726/133337.191:WARNING:pe_image_reader.cc(340)] could not read dos header from C:\Program Files (x86)\Google\Chrome\Application\84.0.4147.89\chrome_elf.dll
[0726/133337.191:ERROR:process_memory_win.cc(73)] ReadMemory at 0x7ff9a66a0000 of 64 bytes failed: Only part of a ReadProcessMemory or WriteProcessMemory request was completed. (0x12B)
[0726/133337.191:WARNING:pe_image_reader.cc(340)] could not read dos header from C:\WINDOWS\SYSTEM32\VERSION.dll
[0726/133337.191:ERROR:process_memory_win.cc(73)] ReadMemory at 0x7ff9ad670000 of 64 bytes failed: Only part of a ReadProcessMemory or WriteProcessMemory request was completed. (0x12B)
[0726/133337.191:WARNING:pe_image_reader.cc(340)] could not read dos header from C:\WINDOWS\System32\msvcrt.dll
[0726/133337.191:ERROR:process_memory_win.cc(73)] ReadMemory at 0x7ff9ac2a0000 of 64 bytes failed: Only part of a ReadProcessMemory or WriteProcessMemory request was completed. (0x12B)
[0726/133337.191:WARNING:pe_image_reader.cc(340)] could not read dos header from C:\WINDOWS\System32\bcryptPrimitives.dll
[0726/133337.191:ERROR:process_memory_win.cc(73)] ReadMemory at 0x7ff9ada10000 of 64 bytes failed: Only part of a ReadProcessMemory or WriteProcessMemory request was completed. (0x12B)
[0726/133337.191:WARNING:pe_image_reader.cc(340)] could not read dos header from C:\WINDOWS\System32\ADVAPI32.dll
[0726/133337.191:ERROR:process_memory_win.cc(73)] ReadMemory at 0x7ff9aee80000 of 64 bytes failed: Only part of a ReadProcessMemory or WriteProcessMemory request was completed. (0x12B)
[0726/133337.191:WARNING:pe_image_reader.cc(340)] could not read dos header from C:\WINDOWS\System32\sechost.dll
[0726/133337.191:ERROR:process_memory_win.cc(73)] ReadMemory at 0x7ff9ad8c0000 of 64 bytes failed: Only part of a ReadProcessMemory or WriteProcessMemory request was completed. (0x12B)
[0726/133337.191:WARNING:pe_image_reader.cc(340)] could not read dos header from C:\WINDOWS\System32\RPCRT4.dll
[0726/133337.191:ERROR:process_memory_win.cc(73)] ReadMemory at 0x7ff93bea0000 of 64 bytes failed: Only part of a ReadProcessMemory or WriteProcessMemory request was completed. (0x12B)
[0726/133337.191:WARNING:pe_image_reader.cc(340)] could not read dos header from C:\Program Files (x86)\Google\Chrome\Application\84.0.4147.89\chrome.dll
[0726/133337.191:ERROR:process_memory_win.cc(73)] ReadMemory at 0x7ff9ae450000 of 64 bytes failed: Only part of a ReadProcessMemory or WriteProcessMemory request was completed. (0x12B)
[0726/133337.191:WARNING:pe_image_reader.cc(340)] could not read dos header from C:\WINDOWS\System32\WS2_32.dll
[0726/133337.191:ERROR:process_memory_win.cc(73)] ReadMemory at 0x1fbde760000 of 64 bytes failed: Only part of a ReadProcessMemory or WriteProcessMemory request was completed. (0x12B)
[0726/133337.191:WARNING:pe_image_reader.cc(340)] could not read dos header from C:\WINDOWS\System32\OLEAUT32.dll
[0726/133337.191:ERROR:process_memory_win.cc(73)] ReadMemory at 0x7ff9ac650000 of 64 bytes failed: Only part of a ReadProcessMemory or WriteProcessMemory request was completed. (0x12B)
[0726/133337.191:WARNING:pe_image_reader.cc(340)] could not read dos header from C:\WINDOWS\System32\msvcp_win.dll
[0726/133337.191:ERROR:process_memory_win.cc(73)] ReadMemory at 0x7ff9ac6f0000 of 64 bytes failed: Only part of a ReadProcessMemory or WriteProcessMemory request was completed. (0x12B)
[0726/133337.191:WARNING:pe_image_reader.cc(340)] could not read dos header from C:\WINDOWS\System32\ucrtbase.dll
[0726/133337.191:ERROR:process_memory_win.cc(73)] ReadMemory at 0x7ff9ae0b0000 of 64 bytes failed: Only part of a ReadProcessMemory or WriteProcessMemory request was completed. (0x12B)
[0726/133337.191:WARNING:pe_image_reader.cc(340)] could not read dos header from C:\WINDOWS\System32\combase.dll
[0726/133337.191:ERROR:process_memory_win.cc(73)] ReadMemory at 0x7ff9aca70000 of 64 bytes failed: Only part of a ReadProcessMemory or WriteProcessMemory request was completed. (0x12B)
[0726/133337.191:WARNING:pe_image_reader.cc(340)] could not read dos header from C:\WINDOWS\System32\WINTRUST.dll
[0726/133337.191:ERROR:process_memory_win.cc(73)] ReadMemory at 0x7ff9ac200000 of 64 bytes failed: Only part of a ReadProcessMemory or WriteProcessMemory request was completed. (0x12B)
[0726/133337.191:WARNING:pe_image_reader.cc(340)] could not read dos header from C:\WINDOWS\System32\MSASN1.dll
[0726/133337.191:ERROR:process_memory_win.cc(73)] ReadMemory at 0x7ff9ad260000 of 64 bytes failed: Only part of a ReadProcessMemory or WriteProcessMemory request was completed. (0x12B)
[0726/133337.191:WARNING:pe_image_reader.cc(340)] could not read dos header from C:\WINDOWS\System32\CRYPT32.dll
[0726/133337.191:ERROR:process_memory_win.cc(73)] ReadMemory at 0x7ff9ab6f0000 of 64 bytes failed: Only part of a ReadProcessMemory or WriteProcessMemory request was completed. (0x12B)
[0726/133337.191:WARNING:pe_image_reader.cc(340)] could not read dos header from C:\WINDOWS\SYSTEM32\IPHLPAPI.DLL
[0726/133337.191:ERROR:process_memory_win.cc(73)] ReadMemory at 0x7ff9a8cd0000 of 64 bytes failed: Only part of a ReadProcessMemory or WriteProcessMemory request was completed. (0x12B)
[0726/133337.191:WARNING:pe_image_reader.cc(340)] could not read dos header from C:\WINDOWS\SYSTEM32\WINMM.dll
[0726/133337.191:ERROR:process_memory_win.cc(73)] ReadMemory at 0x7ff9958f0000 of 64 bytes failed: Only part of a ReadProcessMemory or WriteProcessMemory request was completed. (0x12B)
[0726/133337.191:WARNING:pe_image_reader.cc(340)] could not read dos header from C:\WINDOWS\SYSTEM32\Secur32.dll
[0726/133337.191:ERROR:process_memory_win.cc(73)] ReadMemory at 0x7ff9ac0f0000 of 64 bytes failed: Only part of a ReadProcessMemory or WriteProcessMemory request was completed. (0x12B)
[0726/133337.191:WARNING:pe_image_reader.cc(340)] could not read dos header from C:\WINDOWS\SYSTEM32\USERENV.dll
[0726/133337.191:ERROR:process_memory_win.cc(73)] ReadMemory at 0x7ff9ac270000 of 64 bytes failed: Only part of a ReadProcessMemory or WriteProcessMemory request was completed. (0x12B)
[0726/133337.191:WARNING:pe_image_reader.cc(340)] could not read dos header from C:\WINDOWS\System32\profapi.dll
[0726/133337.191:ERROR:process_memory_win.cc(73)] ReadMemory at 0x7ff98a540000 of 64 bytes failed: Only part of a ReadProcessMemory or WriteProcessMemory request was completed. (0x12B)
[0726/133337.191:WARNING:pe_image_reader.cc(340)] could not read dos header from C:\WINDOWS\SYSTEM32\UIAutomationCore.DLL
[0726/133337.191:ERROR:process_memory_win.cc(73)] ReadMemory at 0x7ff99ebf0000 of 64 bytes failed: Only part of a ReadProcessMemory or WriteProcessMemory request was completed. (0x12B)
[0726/133337.191:WARNING:pe_image_reader.cc(340)] could not read dos header from C:\WINDOWS\SYSTEM32\DWrite.dll
[0726/133337.191:ERROR:process_memory_win.cc(73)] ReadMemory at 0x7ff9a0850000 of 64 bytes failed: Only part of a ReadProcessMemory or WriteProcessMemory request was completed. (0x12B)
[0726/133337.191:WARNING:pe_image_reader.cc(340)] could not read dos header from C:\WINDOWS\SYSTEM32\WINSPOOL.DRV
[0726/133337.191:ERROR:process_memory_win.cc(73)] ReadMemory at 0x7ff9ac1e0000 of 64 bytes failed: Only part of a ReadProcessMemory or WriteProcessMemory request was completed. (0x12B)
[0726/133337.191:WARNING:pe_image_reader.cc(340)] could not read dos header from C:\WINDOWS\System32\kernel.appcore.dll
[0726/133337.191:ERROR:process_memory_win.cc(73)] ReadMemory at 0x7ff9ac7f0000 of 64 bytes failed: Only part of a ReadProcessMemory or WriteProcessMemory request was completed. (0x12B)
[0726/133337.191:WARNING:pe_image_reader.cc(340)] could not read dos header from C:\WINDOWS\System32\bcrypt.dll
[0726/133337.191:ERROR:process_memory_win.cc(73)] ReadMemory at 0x7ff9921d0000 of 64 bytes failed: Only part of a ReadProcessMemory or WriteProcessMemory request was completed. (0x12B)
[0726/133337.191:WARNING:pe_image_reader.cc(340)] could not read dos header from C:\WINDOWS\SYSTEM32\dbghelp.dll
[0726/133337.191:ERROR:process_memory_win.cc(73)] ReadMemory at 0x7ff9a2930000 of 64 bytes failed: Only part of a ReadProcessMemory or WriteProcessMemory request was completed. (0x12B)
[0726/133337.191:WARNING:pe_image_reader.cc(340)] could not read dos header from C:\WINDOWS\SYSTEM32\WINHTTP.dll
[0726/133337.191:ERROR:process_memory_win.cc(73)] ReadMemory at 0x7ff9a53f0000 of 64 bytes failed: Only part of a ReadProcessMemory or WriteProcessMemory request was completed. (0x12B)
[0726/133337.191:WARNING:pe_image_reader.cc(340)] could not read dos header from C:\WINDOWS\SYSTEM32\dhcpcsvc.DLL
[0726/133337.191:ERROR:process_memory_win.cc(73)] ReadMemory at 0x7ff9ad640000 of 64 bytes failed: Only part of a ReadProcessMemory or WriteProcessMemory request was completed. (0x12B)
[0726/133337.191:WARNING:pe_image_reader.cc(340)] could not read dos header from C:\WINDOWS\System32\NSI.dll
[0726/133337.191:ERROR:process_memory_win.cc(73)] ReadMemory at 0x7ff9a8c60000 of 64 bytes failed: Only part of a ReadProcessMemory or WriteProcessMemory request was completed. (0x12B)
[0726/133337.191:WARNING:pe_image_reader.cc(340)] could not read dos header from C:\WINDOWS\SYSTEM32\WINMMBASE.dll
[0726/133337.191:ERROR:process_memory_win.cc(73)] ReadMemory at 0x7ff9ac320000 of 64 bytes failed: Only part of a ReadProcessMemory or WriteProcessMemory request was completed. (0x12B)
[0726/133337.191:WARNING:pe_image_reader.cc(340)] could not read dos header from C:\WINDOWS\System32\cfgmgr32.dll
[0726/133337.191:ERROR:process_memory_win.cc(73)] ReadMemory at 0x7ff9a83b0000 of 64 bytes failed: Only part of a ReadProcessMemory or WriteProcessMemory request was completed. (0x12B)
[0726/133337.191:WARNING:pe_image_reader.cc(340)] could not read dos header from C:\WINDOWS\SYSTEM32\PROPSYS.dll
[0726/133337.191:ERROR:process_memory_win.cc(73)] ReadMemory at 0x7ff9adf40000 of 64 bytes failed: Only part of a ReadProcessMemory or WriteProcessMemory request was completed. (0x12B)
[0726/133337.191:WARNING:pe_image_reader.cc(340)] could not read dos header from C:\WINDOWS\System32\shcore.dll
[0726/133337.191:ERROR:process_memory_win.cc(73)] ReadMemory at 0x7ff9ac0c0000 of 64 bytes failed: Only part of a ReadProcessMemory or WriteProcessMemory request was completed. (0x12B)
[0726/133337.191:WARNING:pe_image_reader.cc(340)] could not read dos header from C:\WINDOWS\SYSTEM32\SSPICLI.DLL
[0726/133337.191:ERROR:process_memory_win.cc(73)] ReadMemory at 0x7ff9abbb0000 of 64 bytes failed: Only part of a ReadProcessMemory or WriteProcessMemory request was completed. (0x12B)
[0726/133337.191:WARNING:pe_image_reader.cc(340)] could not read dos header from C:\WINDOWS\SYSTEM32\CRYPTBASE.DLL
[0726/133337.191:ERROR:process_memory_win.cc(73)] ReadMemory at 0x7ff61e150000 of 64 bytes failed: Only part of a ReadProcessMemory or WriteProcessMemory request was completed. (0x12B)
[0726/133337.191:WARNING:pe_image_reader.cc(340)] could not read dos header from C:\Program Files (x86)\Google\Chrome\Application\chrome.exe
[0726/133337.191:ERROR:process_memory_win.cc(73)] ReadMemory at 0x7ff9af320000 of 64 bytes failed: Only part of a ReadProcessMemory or WriteProcessMemory request was completed. (0x12B)
[0726/133337.191:WARNING:pe_image_reader.cc(340)] could not read dos header from C:\WINDOWS\SYSTEM32\ntdll.dll
[0726/133337.191:ERROR:process_memory_win.cc(73)] ReadMemory at 0x7ff9aecf0000 of 64 bytes failed: Only part of a ReadProcessMemory or WriteProcessMemory request was completed. (0x12B)
[0726/133337.191:WARNING:pe_image_reader.cc(340)] could not read dos header from C:\WINDOWS\System32\KERNEL32.DLL
[0726/133337.191:ERROR:process_memory_win.cc(73)] ReadMemory at 0x7ff9ac370000 of 64 bytes failed: Only part of a ReadProcessMemory or WriteProcessMemory request was completed. (0x12B)
[0726/133337.191:WARNING:pe_image_reader.cc(340)] could not read dos header from C:\WINDOWS\System32\KERNELBASE.dll
[0726/133337.191:ERROR:process_memory_win.cc(73)] ReadMemory at 0x7ff982d40000 of 64 bytes failed: Only part of a ReadProcessMemory or WriteProcessMemory request was completed. (0x12B)
[0726/133337.191:WARNING:pe_image_reader.cc(340)] could not read dos header from C:\Program Files (x86)\Google\Chrome\Application\84.0.4147.89\chrome_elf.dll
[0726/133337.191:ERROR:process_memory_win.cc(73)] ReadMemory at 0x7ff9a66a0000 of 64 bytes failed: Only part of a ReadProcessMemory or WriteProcessMemory request was completed. (0x12B)
[0726/133337.191:WARNING:pe_image_reader.cc(340)] could not read dos header from C:\WINDOWS\SYSTEM32\VERSION.dll
[0726/133337.191:ERROR:process_memory_win.cc(73)] ReadMemory at 0x7ff9ad670000 of 64 bytes failed: Only part of a ReadProcessMemory or WriteProcessMemory request was completed. (0x12B)
[0726/133337.191:WARNING:pe_image_reader.cc(340)] could not read dos header from C:\WINDOWS\System32\msvcrt.dll
[0726/133337.191:ERROR:process_memory_win.cc(73)] ReadMemory at 0x7ff9ac2a0000 of 64 bytes failed: Only part of a ReadProcessMemory or WriteProcessMemory request was completed. (0x12B)
[0726/133337.191:WARNING:pe_image_reader.cc(340)] could not read dos header from C:\WINDOWS\System32\bcryptPrimitives.dll
[0726/133337.191:ERROR:process_memory_win.cc(73)] ReadMemory at 0x7ff9ada10000 of 64 bytes failed: Only part of a ReadProcessMemory or WriteProcessMemory request was completed. (0x12B)
[0726/133337.191:WARNING:pe_image_reader.cc(340)] could not read dos header from C:\WINDOWS\System32\ADVAPI32.dll
[0726/133337.191:ERROR:process_memory_win.cc(73)] ReadMemory at 0x7ff9aee80000 of 64 bytes failed: Only part of a ReadProcessMemory or WriteProcessMemory request was completed. (0x12B)
[0726/133337.191:WARNING:pe_image_reader.cc(340)] could not read dos header from C:\WINDOWS\System32\sechost.dll
[0726/133337.191:ERROR:process_memory_win.cc(73)] ReadMemory at 0x7ff9ad8c0000 of 64 bytes failed: Only part of a ReadProcessMemory or WriteProcessMemory request was completed. (0x12B)
[0726/133337.191:WARNING:pe_image_reader.cc(340)] could not read dos header from C:\WINDOWS\System32\RPCRT4.dll
[0726/133337.191:ERROR:process_memory_win.cc(73)] ReadMemory at 0x7ff93bea0000 of 64 bytes failed: Only part of a ReadProcessMemory or WriteProcessMemory request was completed. (0x12B)
[0726/133337.191:WARNING:pe_image_reader.cc(340)] could not read dos header from C:\Program Files (x86)\Google\Chrome\Application\84.0.4147.89\chrome.dll
[0726/133337.191:ERROR:process_memory_win.cc(73)] ReadMemory at 0x7ff9ae450000 of 64 bytes failed: Only part of a ReadProcessMemory or WriteProcessMemory request was completed. (0x12B)
[0726/133337.191:WARNING:pe_image_reader.cc(340)] could not read dos header from C:\WINDOWS\System32\WS2_32.dll
[0726/133337.191:ERROR:process_memory_win.cc(73)] ReadMemory at 0x1fbde760000 of 64 bytes failed: Only part of a ReadProcessMemory or WriteProcessMemory request was completed. (0x12B)
[0726/133337.191:WARNING:pe_image_reader.cc(340)] could not read dos header from C:\WINDOWS\System32\OLEAUT32.dll
[0726/133337.191:ERROR:process_memory_win.cc(73)] ReadMemory at 0x7ff9ac650000 of 64 bytes failed: Only part of a ReadProcessMemory or WriteProcessMemory request was completed. (0x12B)
[0726/133337.191:WARNING:pe_image_reader.cc(340)] could not read dos header from C:\WINDOWS\System32\msvcp_win.dll
[0726/133337.191:ERROR:process_memory_win.cc(73)] ReadMemory at 0x7ff9ac6f0000 of 64 bytes failed: Only part of a ReadProcessMemory or WriteProcessMemory request was completed. (0x12B)
[0726/133337.191:WARNING:pe_image_reader.cc(340)] could not read dos header from C:\WINDOWS\System32\ucrtbase.dll
[0726/133337.191:ERROR:process_memory_win.cc(73)] ReadMemory at 0x7ff9ae0b0000 of 64 bytes failed: Only part of a ReadProcessMemory or WriteProcessMemory request was completed. (0x12B)
[0726/133337.191:WARNING:pe_image_reader.cc(340)] could not read dos header from C:\WINDOWS\System32\combase.dll
[0726/133337.191:ERROR:process_memory_win.cc(73)] ReadMemory at 0x7ff9aca70000 of 64 bytes failed: Only part of a ReadProcessMemory or WriteProcessMemory request was completed. (0x12B)
[0726/133337.191:WARNING:pe_image_reader.cc(340)] could not read dos header from C:\WINDOWS\System32\WINTRUST.dll
[0726/133337.191:ERROR:process_memory_win.cc(73)] ReadMemory at 0x7ff9ac200000 of 64 bytes failed: Only part of a ReadProcessMemory or WriteProcessMemory request was completed. (0x12B)
[0726/133337.191:WARNING:pe_image_reader.cc(340)] could not read dos header from C:\WINDOWS\System32\MSASN1.dll
[0726/133337.191:ERROR:process_memory_win.cc(73)] ReadMemory at 0x7ff9ad260000 of 64 bytes failed: Only part of a ReadProcessMemory or WriteProcessMemory request was completed. (0x12B)
[0726/133337.191:WARNING:pe_image_reader.cc(340)] could not read dos header from C:\WINDOWS\System32\CRYPT32.dll
[0726/133337.191:ERROR:process_memory_win.cc(73)] ReadMemory at 0x7ff9ab6f0000 of 64 bytes failed: Only part of a ReadProcessMemory or WriteProcessMemory request was completed. (0x12B)
[0726/133337.191:WARNING:pe_image_reader.cc(340)] could not read dos header from C:\WINDOWS\SYSTEM32\IPHLPAPI.DLL
[0726/133337.191:ERROR:process_memory_win.cc(73)] ReadMemory at 0x7ff9a8cd0000 of 64 bytes failed: Only part of a ReadProcessMemory or WriteProcessMemory request was completed. (0x12B)
[0726/133337.191:WARNING:pe_image_reader.cc(340)] could not read dos header from C:\WINDOWS\SYSTEM32\WINMM.dll
[0726/133337.191:ERROR:process_memory_win.cc(73)] ReadMemory at 0x7ff9958f0000 of 64 bytes failed: Only part of a ReadProcessMemory or WriteProcessMemory request was completed. (0x12B)
[0726/133337.191:WARNING:pe_image_reader.cc(340)] could not read dos header from C:\WINDOWS\SYSTEM32\Secur32.dll
[0726/133337.191:ERROR:process_memory_win.cc(73)] ReadMemory at 0x7ff9ac0f0000 of 64 bytes failed: Only part of a ReadProcessMemory or WriteProcessMemory request was completed. (0x12B)
[0726/133337.191:WARNING:pe_image_reader.cc(340)] could not read dos header from C:\WINDOWS\SYSTEM32\USERENV.dll
[0726/133337.191:ERROR:process_memory_win.cc(73)] ReadMemory at 0x7ff9ac270000 of 64 bytes failed: Only part of a ReadProcessMemory or WriteProcessMemory request was completed. (0x12B)
[0726/133337.191:WARNING:pe_image_reader.cc(340)] could not read dos header from C:\WINDOWS\System32\profapi.dll
[0726/133337.191:ERROR:process_memory_win.cc(73)] ReadMemory at 0x7ff98a540000 of 64 bytes failed: Only part of a ReadProcessMemory or WriteProcessMemory request was completed. (0x12B)
[0726/133337.191:WARNING:pe_image_reader.cc(340)] could not read dos header from C:\WINDOWS\SYSTEM32\UIAutomationCore.DLL
[0726/133337.196:ERROR:process_memory_win.cc(73)] ReadMemory at 0x7ff99ebf0000 of 64 bytes failed: Only part of a ReadProcessMemory or WriteProcessMemory request was completed. (0x12B)
[0726/133337.196:WARNING:pe_image_reader.cc(340)] could not read dos header from C:\WINDOWS\SYSTEM32\DWrite.dll
[0726/133337.196:ERROR:process_memory_win.cc(73)] ReadMemory at 0x7ff9a0850000 of 64 bytes failed: Only part of a ReadProcessMemory or WriteProcessMemory request was completed. (0x12B)
[0726/133337.196:WARNING:pe_image_reader.cc(340)] could not read dos header from C:\WINDOWS\SYSTEM32\WINSPOOL.DRV
[0726/133337.196:ERROR:process_memory_win.cc(73)] ReadMemory at 0x7ff9ac1e0000 of 64 bytes failed: Only part of a ReadProcessMemory or WriteProcessMemory request was completed. (0x12B)
[0726/133337.196:WARNING:pe_image_reader.cc(340)] could not read dos header from C:\WINDOWS\System32\kernel.appcore.dll
[0726/133337.196:ERROR:process_memory_win.cc(73)] ReadMemory at 0x7ff9ac7f0000 of 64 bytes failed: Only part of a ReadProcessMemory or WriteProcessMemory request was completed. (0x12B)
[0726/133337.196:WARNING:pe_image_reader.cc(340)] could not read dos header from C:\WINDOWS\System32\bcrypt.dll
[0726/133337.196:ERROR:process_memory_win.cc(73)] ReadMemory at 0x7ff9921d0000 of 64 bytes failed: Only part of a ReadProcessMemory or WriteProcessMemory request was completed. (0x12B)
[0726/133337.196:WARNING:pe_image_reader.cc(340)] could not read dos header from C:\WINDOWS\SYSTEM32\dbghelp.dll
[0726/133337.196:ERROR:process_memory_win.cc(73)] ReadMemory at 0x7ff9a2930000 of 64 bytes failed: Only part of a ReadProcessMemory or WriteProcessMemory request was completed. (0x12B)
[0726/133337.196:WARNING:pe_image_reader.cc(340)] could not read dos header from C:\WINDOWS\SYSTEM32\WINHTTP.dll
[0726/133337.196:ERROR:process_memory_win.cc(73)] ReadMemory at 0x7ff9a53f0000 of 64 bytes failed: Only part of a ReadProcessMemory or WriteProcessMemory request was completed. (0x12B)
[0726/133337.196:WARNING:pe_image_reader.cc(340)] could not read dos header from C:\WINDOWS\SYSTEM32\dhcpcsvc.DLL
[0726/133337.196:ERROR:process_memory_win.cc(73)] ReadMemory at 0x7ff9ad640000 of 64 bytes failed: Only part of a ReadProcessMemory or WriteProcessMemory request was completed. (0x12B)
[0726/133337.196:WARNING:pe_image_reader.cc(340)] could not read dos header from C:\WINDOWS\System32\NSI.dll
[0726/133337.196:ERROR:process_memory_win.cc(73)] ReadMemory at 0x7ff9a8c60000 of 64 bytes failed: Only part of a ReadProcessMemory or WriteProcessMemory request was completed. (0x12B)
[0726/133337.196:WARNING:pe_image_reader.cc(340)] could not read dos header from C:\WINDOWS\SYSTEM32\WINMMBASE.dll
[0726/133337.196:ERROR:process_memory_win.cc(73)] ReadMemory at 0x7ff9ac320000 of 64 bytes failed: Only part of a ReadProcessMemory or WriteProcessMemory request was completed. (0x12B)
[0726/133337.196:WARNING:pe_image_reader.cc(340)] could not read dos header from C:\WINDOWS\System32\cfgmgr32.dll
[0726/133337.196:ERROR:process_memory_win.cc(73)] ReadMemory at 0x7ff9a83b0000 of 64 bytes failed: Only part of a ReadProcessMemory or WriteProcessMemory request was completed. (0x12B)
[0726/133337.196:WARNING:pe_image_reader.cc(340)] could not read dos header from C:\WINDOWS\SYSTEM32\PROPSYS.dll
[0726/133337.196:ERROR:process_memory_win.cc(73)] ReadMemory at 0x7ff9adf40000 of 64 bytes failed: Only part of a ReadProcessMemory or WriteProcessMemory request was completed. (0x12B)
[0726/133337.196:WARNING:pe_image_reader.cc(340)] could not read dos header from C:\WINDOWS\System32\shcore.dll
[0726/133337.196:ERROR:process_memory_win.cc(73)] ReadMemory at 0x7ff9ac0c0000 of 64 bytes failed: Only part of a ReadProcessMemory or WriteProcessMemory request was completed. (0x12B)
[0726/133337.196:WARNING:pe_image_reader.cc(340)] could not read dos header from C:\WINDOWS\SYSTEM32\SSPICLI.DLL
[0726/133337.196:ERROR:process_memory_win.cc(73)] ReadMemory at 0x7ff9abbb0000 of 64 bytes failed: Only part of a ReadProcessMemory or WriteProcessMemory request was completed. (0x12B)
[0726/133337.196:WARNING:pe_image_reader.cc(340)] could not read dos header from C:\WINDOWS\SYSTEM32\CRYPTBASE.DLL
[0726/133337.201:ERROR:process_memory_win.cc(73)] ReadMemory at 0xf6ec1f5000 of 45056 bytes failed: Only part of a ReadProcessMemory or WriteProcessMemory request was completed. (0x12B)
[0726/133337.201:ERROR:process_memory_win.cc(73)] ReadMemory at 0xf6ec9fd000 of 12288 bytes failed: Only part of a ReadProcessMemory or WriteProcessMemory request was completed. (0x12B)
[0726/133337.201:ERROR:process_memory_win.cc(73)] ReadMemory at 0xf6ed1fd000 of 12288 bytes failed: Only part of a ReadProcessMemory or WriteProcessMemory request was completed. (0x12B)
[0726/133337.201:ERROR:process_memory_win.cc(73)] ReadMemory at 0xf6ed9fd000 of 12288 bytes failed: Only part of a ReadProcessMemory or WriteProcessMemory request was completed. (0x12B)
[0726/133337.201:ERROR:process_memory_win.cc(73)] ReadMemory at 0xf6ee1fb000 of 20480 bytes failed: Only part of a ReadProcessMemory or WriteProcessMemory request was completed. (0x12B)
[0726/133337.201:ERROR:process_memory_win.cc(73)] ReadMemory at 0xf6ee9ff000 of 4096 bytes failed: Only part of a ReadProcessMemory or WriteProcessMemory request was completed. (0x12B)
[0726/133337.201:ERROR:process_memory_win.cc(73)] ReadMemory at 0xf6ef1fd000 of 12288 bytes failed: Only part of a ReadProcessMemory or WriteProcessMemory request was completed. (0x12B)
[0726/133337.201:ERROR:process_memory_win.cc(73)] ReadMemory at 0xf6ef9fc000 of 16384 bytes failed: Only part of a ReadProcessMemory or WriteProcessMemory request was completed. (0x12B)
[0726/133337.201:ERROR:process_memory_win.cc(73)] ReadMemory at 0xf6f01fd000 of 12288 bytes failed: Only part of a ReadProcessMemory or WriteProcessMemory request was completed. (0x12B)
[0726/133337.201:ERROR:process_memory_win.cc(73)] ReadMemory at 0xf6f09fd000 of 12288 bytes failed: Only part of a ReadProcessMemory or WriteProcessMemory request was completed. (0x12B)
[0726/133337.201:ERROR:process_memory_win.cc(73)] ReadMemory at 0xf6f11fd000 of 12288 bytes failed: Only part of a ReadProcessMemory or WriteProcessMemory request was completed. (0x12B)
[0726/133337.201:ERROR:process_memory_win.cc(73)] ReadMemory at 0xf6f19fd000 of 12288 bytes failed: Only part of a ReadProcessMemory or WriteProcessMemory request was completed. (0x12B)
[0726/133337.201:ERROR:process_memory_win.cc(73)] ReadMemory at 0xf6f21fd000 of 12288 bytes failed: Only part of a ReadProcessMemory or WriteProcessMemory request was completed. (0x12B)
[0726/133337.201:ERROR:process_memory_win.cc(73)] ReadMemory at 0xf6f29fd000 of 12288 bytes failed: Only part of a ReadProcessMemory or WriteProcessMemory request was completed. (0x12B)
[0726/133337.201:ERROR:process_memory_win.cc(73)] ReadMemory at 0xf6f31fd000 of 12288 bytes failed: Only part of a ReadProcessMemory or WriteProcessMemory request was completed. (0x12B)
[0726/133337.201:ERROR:process_memory_win.cc(73)] ReadMemory at 0xf6f39fd000 of 12288 bytes failed: Only part of a ReadProcessMemory or WriteProcessMemory request was completed. (0x12B)
[0726/133337.201:ERROR:process_memory_win.cc(73)] ReadMemory at 0xf6eb8e4000 of 852 bytes failed: Only part of a ReadProcessMemory or WriteProcessMemory request was completed. (0x12B)
[0726/133337.201:ERROR:process_memory_win.cc(73)] ReadMemory at 0xf6eb8e5000 of 6024 bytes failed: Only part of a ReadProcessMemory or WriteProcessMemory request was completed. (0x12B)
[0726/133337.201:ERROR:process_memory_win.cc(73)] ReadMemory at 0xf6eb8e7000 of 6024 bytes failed: Only part of a ReadProcessMemory or WriteProcessMemory request was completed. (0x12B)
[0726/133337.201:ERROR:process_memory_win.cc(73)] ReadMemory at 0xf6eb8e9000 of 6024 bytes failed: Only part of a ReadProcessMemory or WriteProcessMemory request was completed. (0x12B)
[0726/133337.201:ERROR:process_memory_win.cc(73)] ReadMemory at 0xf6eb8eb000 of 6024 bytes failed: Only part of a ReadProcessMemory or WriteProcessMemory request was completed. (0x12B)
[0726/133337.201:ERROR:process_memory_win.cc(73)] ReadMemory at 0xf6eb8ed000 of 6024 bytes failed: Only part of a ReadProcessMemory or WriteProcessMemory request was completed. (0x12B)
[0726/133337.201:ERROR:process_memory_win.cc(73)] ReadMemory at 0xf6eb8ef000 of 6024 bytes failed: Only part of a ReadProcessMemory or WriteProcessMemory request was completed. (0x12B)
[0726/133337.201:ERROR:process_memory_win.cc(73)] ReadMemory at 0xf6eb8f1000 of 6024 bytes failed: Only part of a ReadProcessMemory or WriteProcessMemory request was completed. (0x12B)
[0726/133337.201:ERROR:process_memory_win.cc(73)] ReadMemory at 0xf6eb8f3000 of 6024 bytes failed: Only part of a ReadProcessMemory or WriteProcessMemory request was completed. (0x12B)
[0726/133337.201:ERROR:process_memory_win.cc(73)] ReadMemory at 0xf6eb8f5000 of 6024 bytes failed: Only part of a ReadProcessMemory or WriteProcessMemory request was completed. (0x12B)
[0726/133337.201:ERROR:process_memory_win.cc(73)] ReadMemory at 0xf6eb8f7000 of 6024 bytes failed: Only part of a ReadProcessMemory or WriteProcessMemory request was completed. (0x12B)
[0726/133337.201:ERROR:process_memory_win.cc(73)] ReadMemory at 0xf6eb8f9000 of 6024 bytes failed: Only part of a ReadProcessMemory or WriteProcessMemory request was completed. (0x12B)
[0726/133337.201:ERROR:process_memory_win.cc(73)] ReadMemory at 0xf6eb8fb000 of 6024 bytes failed: Only part of a ReadProcessMemory or WriteProcessMemory request was completed. (0x12B)
[0726/133337.201:ERROR:process_memory_win.cc(73)] ReadMemory at 0xf6eb8fd000 of 6024 bytes failed: Only part of a ReadProcessMemory or WriteProcessMemory request was completed. (0x12B)
[0726/133337.201:ERROR:process_memory_win.cc(73)] ReadMemory at 0xf6eb8ff000 of 6024 bytes failed: Only part of a ReadProcessMemory or WriteProcessMemory request was completed. (0x12B)
[0726/133337.201:ERROR:process_memory_win.cc(73)] ReadMemory at 0xf6eb901000 of 6024 bytes failed: Only part of a ReadProcessMemory or WriteProcessMemory request was completed. (0x12B)
[0726/133337.201:ERROR:process_memory_win.cc(73)] ReadMemory at 0xf6eb903000 of 6024 bytes failed: Only part of a ReadProcessMemory or WriteProcessMemory request was completed. (0x12B)
[0726/133337.201:ERROR:process_memory_win.cc(73)] ReadMemory at 0x1fbde1c0c40 of 512 bytes failed: Only part of a ReadProcessMemory or WriteProcessMemory request was completed. (0x12B)
[0726/133337.201:ERROR:process_memory_win.cc(73)] ReadMemory at 0x1fbde250000 of 384 bytes failed: Only part of a ReadProcessMemory or WriteProcessMemory request was completed. (0x12B)
[0726/133337.201:ERROR:process_memory_win.cc(73)] ReadMemory at 0x1fbde250fe0 of 27508 bytes failed: Only part of a ReadProcessMemory or WriteProcessMemory request was completed. (0x12B)
[0726/133337.201:ERROR:process_memory_win.cc(73)] ReadMemory at 0x1fbde257b60 of 1012 bytes failed: Only part of a ReadProcessMemory or WriteProcessMemory request was completed. (0x12B)
[0726/133337.201:ERROR:process_memory_win.cc(73)] ReadMemory at 0x1fbde2581a8 of 118 bytes failed: Only part of a ReadProcessMemory or WriteProcessMemory request was completed. (0x12B)
[0726/133337.201:ERROR:process_memory_win.cc(73)] ReadMemory at 0x1fbde258220 of 788 bytes failed: Only part of a ReadProcessMemory or WriteProcessMemory request was completed. (0x12B)
[0726/133337.201:ERROR:process_memory_win.cc(73)] ReadMemory at 0x1fbde258536 of 118 bytes failed: Only part of a ReadProcessMemory or WriteProcessMemory request was completed. (0x12B)
[0726/133337.201:ERROR:process_memory_win.cc(73)] ReadMemory at 0x1fbde2585ae of 100 bytes failed: Only part of a ReadProcessMemory or WriteProcessMemory request was completed. (0x12B)
[0726/133337.201:ERROR:process_memory_win.cc(73)] ReadMemory at 0x1fbde258620 of 58 bytes failed: Only part of a ReadProcessMemory or WriteProcessMemory request was completed. (0x12B)
[0726/133337.201:ERROR:process_memory_win.cc(73)] ReadMemory at 0x1fbde258720 of 132 bytes failed: Only part of a ReadProcessMemory or WriteProcessMemory request was completed. (0x12B)
[0726/133337.201:ERROR:process_memory_win.cc(73)] ReadMemory at 0x1fbde2588b0 of 132 bytes failed: Only part of a ReadProcessMemory or WriteProcessMemory request was completed. (0x12B)
[0726/133337.201:ERROR:process_memory_win.cc(73)] ReadMemory at 0x1fbde258a70 of 124 bytes failed: Only part of a ReadProcessMemory or WriteProcessMemory request was completed. (0x12B)
[0726/133337.201:ERROR:process_memory_win.cc(73)] ReadMemory at 0x1fbde258e50 of 132 bytes failed: Only part of a ReadProcessMemory or WriteProcessMemory request was completed. (0x12B)
[0726/133337.201:ERROR:process_memory_win.cc(73)] ReadMemory at 0x1fbde258fe0 of 64 bytes failed: Only part of a ReadProcessMemory or WriteProcessMemory request was completed. (0x12B)
[0726/133337.201:ERROR:process_memory_win.cc(73)] ReadMemory at 0x1fbde2591a0 of 132 bytes failed: Only part of a ReadProcessMemory or WriteProcessMemory request was completed. (0x12B)
[0726/133337.201:ERROR:process_memory_win.cc(73)] ReadMemory at 0x1fbde259440 of 132 bytes failed: Only part of a ReadProcessMemory or WriteProcessMemory request was completed. (0x12B)
[0726/133337.201:ERROR:process_memory_win.cc(73)] ReadMemory at 0x1fbde2595d0 of 68 bytes failed: Only part of a ReadProcessMemory or WriteProcessMemory request was completed. (0x12B)
[0726/133337.201:ERROR:process_memory_win.cc(73)] ReadMemory at 0x1fbde25a6b0 of 132 bytes failed: Only part of a ReadProcessMemory or WriteProcessMemory request was completed. (0x12B)
[0726/133337.201:ERROR:process_memory_win.cc(73)] ReadMemory at 0x1fbde25a840 of 152 bytes failed: Only part of a ReadProcessMemory or WriteProcessMemory request was completed. (0x12B)
[0726/133337.201:ERROR:process_memory_win.cc(73)] ReadMemory at 0x1fbde25cb30 of 62 bytes failed: Only part of a ReadProcessMemory or WriteProcessMemory request was completed. (0x12B)
[0726/133337.201:ERROR:process_memory_win.cc(73)] ReadMemory at 0x1fbde25cc60 of 132 bytes failed: Only part of a ReadProcessMemory or WriteProcessMemory request was completed. (0x12B)
[0726/133337.201:ERROR:process_memory_win.cc(73)] ReadMemory at 0x1fbde25cdf0 of 60 bytes failed: Only part of a ReadProcessMemory or WriteProcessMemory request was completed. (0x12B)
[0726/133337.201:ERROR:process_memory_win.cc(73)] ReadMemory at 0x1fbde26f610 of 80 bytes failed: Only part of a ReadProcessMemory or WriteProcessMemory request was completed. (0x12B)
[0726/133337.201:ERROR:process_memory_win.cc(73)] ReadMemory at 0x1fbde275940 of 132 bytes failed: Only part of a ReadProcessMemory or WriteProcessMemory request was completed. (0x12B)
[0726/133337.201:ERROR:process_memory_win.cc(73)] ReadMemory at 0x1fbde275c50 of 132 bytes failed: Only part of a ReadProcessMemory or WriteProcessMemory request was completed. (0x12B)
[0726/133337.201:ERROR:process_memory_win.cc(73)] ReadMemory at 0x1fbde275d80 of 132 bytes failed: Only part of a ReadProcessMemory or WriteProcessMemory request was completed. (0x12B)
[0726/133337.201:ERROR:process_memory_win.cc(73)] ReadMemory at 0x1fbde276260 of 132 bytes failed: Only part of a ReadProcessMemory or WriteProcessMemory request was completed. (0x12B)
[0726/133337.201:ERROR:process_memory_win.cc(73)] ReadMemory at 0x1fbde2764a0 of 76 bytes failed: Only part of a ReadProcessMemory or WriteProcessMemory request was completed. (0x12B)
[0726/133337.201:ERROR:process_memory_win.cc(73)] ReadMemory at 0x1fbde277100 of 80 bytes failed: Only part of a ReadProcessMemory or WriteProcessMemory request was completed. (0x12B)
[0726/133337.201:ERROR:process_memory_win.cc(73)] ReadMemory at 0x1fbde27a520 of 54 bytes failed: Only part of a ReadProcessMemory or WriteProcessMemory request was completed. (0x12B)
[0726/133337.201:ERROR:process_memory_win.cc(73)] ReadMemory at 0x1fbde27d0d0 of 132 bytes failed: Only part of a ReadProcessMemory or WriteProcessMemory request was completed. (0x12B)
[0726/133337.201:ERROR:process_memory_win.cc(73)] ReadMemory at 0x1fbde27d340 of 132 bytes failed: Only part of a ReadProcessMemory or WriteProcessMemory request was completed. (0x12B)
[0726/133337.201:ERROR:process_memory_win.cc(73)] ReadMemory at 0x1fbde27d550 of 132 bytes failed: Only part of a ReadProcessMemory or WriteProcessMemory request was completed. (0x12B)
[0726/133337.201:ERROR:process_memory_win.cc(73)] ReadMemory at 0x1fbde27d830 of 62 bytes failed: Only part of a ReadProcessMemory or WriteProcessMemory request was completed. (0x12B)
[0726/133337.201:ERROR:process_memory_win.cc(73)] ReadMemory at 0x1fbde27d880 of 66 bytes failed: Only part of a ReadProcessMemory or WriteProcessMemory request was completed. (0x12B)
[0726/133337.201:ERROR:process_memory_win.cc(73)] ReadMemory at 0x1fbde27d970 of 60 bytes failed: Only part of a ReadProcessMemory or WriteProcessMemory request was completed. (0x12B)
[0726/133337.201:ERROR:process_memory_win.cc(73)] ReadMemory at 0x1fbde27d9c0 of 62 bytes failed: Only part of a ReadProcessMemory or WriteProcessMemory request was completed. (0x12B)
[0726/133337.201:ERROR:process_memory_win.cc(73)] ReadMemory at 0x1fbde27da10 of 64 bytes failed: Only part of a ReadProcessMemory or WriteProcessMemory request was completed. (0x12B)
[0726/133337.201:ERROR:process_memory_win.cc(73)] ReadMemory at 0x1fbde27dab0 of 60 bytes failed: Only part of a ReadProcessMemory or WriteProcessMemory request was completed. (0x12B)
[0726/133337.201:ERROR:process_memory_win.cc(73)] ReadMemory at 0x1fbde27db00 of 64 bytes failed: Only part of a ReadProcessMemory or WriteProcessMemory request was completed. (0x12B)
[0726/133337.201:ERROR:process_memory_win.cc(73)] ReadMemory at 0x1fbde27db50 of 62 bytes failed: Only part of a ReadProcessMemory or WriteProcessMemory request was completed. (0x12B)
[0726/133337.201:ERROR:process_memory_win.cc(73)] ReadMemory at 0x1fbde27dba0 of 62 bytes failed: Only part of a ReadProcessMemory or WriteProcessMemory request was completed. (0x12B)
[0726/133337.201:ERROR:process_memory_win.cc(73)] ReadMemory at 0x1fbde27ddd0 of 62 bytes failed: Only part of a ReadProcessMemory or WriteProcessMemory request was completed. (0x12B)
[0726/133337.201:ERROR:process_memory_win.cc(73)] ReadMemory at 0x1fbde27de20 of 64 bytes failed: Only part of a ReadProcessMemory or WriteProcessMemory request was completed. (0x12B)
[0726/133337.201:ERROR:process_memory_win.cc(73)] ReadMemory at 0x1fbde27df60 of 62 bytes failed: Only part of a ReadProcessMemory or WriteProcessMemory request was completed. (0x12B)
[0726/133337.201:ERROR:process_memory_win.cc(73)] ReadMemory at 0x1fbde27dfb0 of 64 bytes failed: Only part of a ReadProcessMemory or WriteProcessMemory request was completed. (0x12B)
[0726/133337.201:ERROR:process_memory_win.cc(73)] ReadMemory at 0x1fbde27e000 of 60 bytes failed: Only part of a ReadProcessMemory or WriteProcessMemory request was completed. (0x12B)
[0726/133337.201:ERROR:process_memory_win.cc(73)] ReadMemory at 0x1fbde27e280 of 62 bytes failed: Only part of a ReadProcessMemory or WriteProcessMemory request was completed. (0x12B)
[0726/133337.201:ERROR:process_memory_win.cc(73)] ReadMemory at 0x1fbde27e2d0 of 62 bytes failed: Only part of a ReadProcessMemory or WriteProcessMemory request was completed. (0x12B)
[0726/133337.201:ERROR:process_memory_win.cc(73)] ReadMemory at 0x1fbde27e320 of 60 bytes failed: Only part of a ReadProcessMemory or WriteProcessMemory request was completed. (0x12B)
[0726/133337.201:ERROR:process_memory_win.cc(73)] ReadMemory at 0x1fbde27e410 of 64 bytes failed: Only part of a ReadProcessMemory or WriteProcessMemory request was completed. (0x12B)
[0726/133337.201:ERROR:process_memory_win.cc(73)] ReadMemory at 0x1fbde27e460 of 64 bytes failed: Only part of a ReadProcessMemory or WriteProcessMemory request was completed. (0x12B)
[0726/133337.201:ERROR:process_memory_win.cc(73)] ReadMemory at 0x1fbde27e500 of 64 bytes failed: Only part of a ReadProcessMemory or WriteProcessMemory request was completed. (0x12B)
[0726/133337.201:ERROR:process_memory_win.cc(73)] ReadMemory at 0x1fbde27e550 of 66 bytes failed: Only part of a ReadProcessMemory or WriteProcessMemory request was completed. (0x12B)
[0726/133337.201:ERROR:process_memory_win.cc(73)] ReadMemory at 0x1fbde27e5a0 of 62 bytes failed: Only part of a ReadProcessMemory or WriteProcessMemory request was completed. (0x12B)
[0726/133337.201:ERROR:process_memory_win.cc(73)] ReadMemory at 0x1fbde27e5f0 of 60 bytes failed: Only part of a ReadProcessMemory or WriteProcessMemory request was completed. (0x12B)
[0726/133337.201:ERROR:process_memory_win.cc(73)] ReadMemory at 0x1fbde27e640 of 64 bytes failed: Only part of a ReadProcessMemory or WriteProcessMemory request was completed. (0x12B)
[0726/133337.201:ERROR:process_memory_win.cc(73)] ReadMemory at 0x1fbde27e690 of 60 bytes failed: Only part of a ReadProcessMemory or WriteProcessMemory request was completed. (0x12B)
[0726/133337.201:ERROR:process_memory_win.cc(73)] ReadMemory at 0x1fbde27e730 of 58 bytes failed: Only part of a ReadProcessMemory or WriteProcessMemory request was completed. (0x12B)
[0726/133337.201:ERROR:process_memory_win.cc(73)] ReadMemory at 0x1fbde27e780 of 62 bytes failed: Only part of a ReadProcessMemory or WriteProcessMemory request was completed. (0x12B)
[0726/133337.201:ERROR:process_memory_win.cc(73)] ReadMemory at 0x1fbde280140 of 132 bytes failed: Only part of a ReadProcessMemory or WriteProcessMemory request was completed. (0x12B)
[0726/133337.201:ERROR:process_memory_win.cc(73)] ReadMemory at 0x1fbde280270 of 132 bytes failed: Only part of a ReadProcessMemory or WriteProcessMemory request was completed. (0x12B)
[0726/133337.201:ERROR:process_memory_win.cc(73)] ReadMemory at 0x1fbde2803a0 of 132 bytes failed: Only part of a ReadProcessMemory or WriteProcessMemory request was completed. (0x12B)
[0726/133337.201:ERROR:process_memory_win.cc(73)] ReadMemory at 0x1fbde2804d0 of 132 bytes failed: Only part of a ReadProcessMemory or WriteProcessMemory request was completed. (0x12B)
[0726/133337.201:ERROR:process_memory_win.cc(73)] ReadMemory at 0x1fbde280600 of 132 bytes failed: Only part of a ReadProcessMemory or WriteProcessMemory request was completed. (0x12B)
[0726/133337.201:ERROR:process_memory_win.cc(73)] ReadMemory at 0x1fbde280730 of 132 bytes failed: Only part of a ReadProcessMemory or WriteProcessMemory request was completed. (0x12B)
[0726/133337.201:ERROR:process_memory_win.cc(73)] ReadMemory at 0x1fbde280860 of 132 bytes failed: Only part of a ReadProcessMemory or WriteProcessMemory request was completed. (0x12B)
[0726/133337.201:ERROR:process_memory_win.cc(73)] ReadMemory at 0x1fbde280990 of 132 bytes failed: Only part of a ReadProcessMemory or WriteProcessMemory request was completed. (0x12B)
[0726/133337.201:ERROR:process_memory_win.cc(73)] ReadMemory at 0x1fbde280ac0 of 132 bytes failed: Only part of a ReadProcessMemory or WriteProcessMemory request was completed. (0x12B)
[0726/133337.201:ERROR:process_memory_win.cc(73)] ReadMemory at 0x1fbde280bf0 of 132 bytes failed: Only part of a ReadProcessMemory or WriteProcessMemory request was completed. (0x12B)
[0726/133337.201:ERROR:process_memory_win.cc(73)] ReadMemory at 0x1fbde280d20 of 132 bytes failed: Only part of a ReadProcessMemory or WriteProcessMemory request was completed. (0x12B)
[0726/133337.201:ERROR:process_memory_win.cc(73)] ReadMemory at 0x1fbde280e50 of 132 bytes failed: Only part of a ReadProcessMemory or WriteProcessMemory request was completed. (0x12B)
[0726/133337.201:ERROR:process_memory_win.cc(73)] ReadMemory at 0x1fbde281610 of 144 bytes failed: Only part of a ReadProcessMemory or WriteProcessMemory request was completed. (0x12B)
[0726/133337.201:ERROR:process_memory_win.cc(73)] ReadMemory at 0x1fbde281700 of 132 bytes failed: Only part of a ReadProcessMemory or WriteProcessMemory request was completed. (0x12B)
[0726/133337.201:ERROR:process_memory_win.cc(73)] ReadMemory at 0x1fbde284900 of 132 bytes failed: Only part of a ReadProcessMemory or WriteProcessMemory request was completed. (0x12B)
[0726/133337.201:ERROR:process_memory_win.cc(73)] ReadMemory at 0x1fbde284c20 of 132 bytes failed: Only part of a ReadProcessMemory or WriteProcessMemory request was completed. (0x12B)
[0726/133337.201:ERROR:process_memory_win.cc(73)] ReadMemory at 0x1fbde2879b0 of 132 bytes failed: Only part of a ReadProcessMemory or WriteProcessMemory request was completed. (0x12B)
[0726/133337.201:ERROR:process_memory_win.cc(73)] ReadMemory at 0x1fbde287c10 of 132 bytes failed: Only part of a ReadProcessMemory or WriteProcessMemory request was completed. (0x12B)
[0726/133337.201:ERROR:process_memory_win.cc(73)] ReadMemory at 0x1fbde287d40 of 132 bytes failed: Only part of a ReadProcessMemory or WriteProcessMemory request was completed. (0x12B)
[0726/133337.201:ERROR:process_memory_win.cc(73)] ReadMemory at 0x1fbde287fa0 of 132 bytes failed: Only part of a ReadProcessMemory or WriteProcessMemory request was completed. (0x12B)
[0726/133337.201:ERROR:process_memory_win.cc(73)] ReadMemory at 0x1fbde288200 of 132 bytes failed: Only part of a ReadProcessMemory or WriteProcessMemory request was completed. (0x12B)
[0726/133337.201:ERROR:process_memory_win.cc(73)] ReadMemory at 0x1fbde288330 of 132 bytes failed: Only part of a ReadProcessMemory or WriteProcessMemory request was completed. (0x12B)
[0726/133337.201:ERROR:process_memory_win.cc(73)] ReadMemory at 0x1fbde288590 of 132 bytes failed: Only part of a ReadProcessMemory or WriteProcessMemory request was completed. (0x12B)
[0726/133337.201:ERROR:process_memory_win.cc(73)] ReadMemory at 0x1fbde288a50 of 132 bytes failed: Only part of a ReadProcessMemory or WriteProcessMemory request was completed. (0x12B)
[0726/133337.201:ERROR:process_memory_win.cc(73)] ReadMemory at 0x1fbde288b80 of 132 bytes failed: Only part of a ReadProcessMemory or WriteProcessMemory request was completed. (0x12B)
[0726/133337.201:ERROR:process_memory_win.cc(73)] ReadMemory at 0x1fbde289170 of 132 bytes failed: Only part of a ReadProcessMemory or WriteProcessMemory request was completed. (0x12B)
[0726/133337.201:ERROR:process_memory_win.cc(73)] ReadMemory at 0x1fbde2f3d70 of 512 bytes failed: Only part of a ReadProcessMemory or WriteProcessMemory request was completed. (0x12B)
[0726/133337.201:ERROR:process_memory_win.cc(73)] ReadMemory at 0x1fbde2f5520 of 712 bytes failed: Only part of a ReadProcessMemory or WriteProcessMemory request was completed. (0x12B)
[0726/133337.201:ERROR:process_memory_win.cc(73)] ReadMemory at 0x1fbde2ffab0 of 512 bytes failed: Only part of a ReadProcessMemory or WriteProcessMemory request was completed. (0x12B)
[0726/133337.201:ERROR:process_memory_win.cc(73)] ReadMemory at 0x1fbde30d0f0 of 512 bytes failed: Only part of a ReadProcessMemory or WriteProcessMemory request was completed. (0x12B)
[0726/133337.201:ERROR:process_memory_win.cc(73)] ReadMemory at 0x1fbde328a40 of 512 bytes failed: Only part of a ReadProcessMemory or WriteProcessMemory request was completed. (0x12B)
[0726/133337.201:ERROR:process_memory_win.cc(73)] ReadMemory at 0x1fbde33ca30 of 512 bytes failed: Only part of a ReadProcessMemory or WriteProcessMemory request was completed. (0x12B)
[0726/133337.201:ERROR:process_memory_win.cc(73)] ReadMemory at 0x1fbdfc40000 of 384 bytes failed: Only part of a ReadProcessMemory or WriteProcessMemory request was completed. (0x12B)
[0726/133337.201:ERROR:process_memory_win.cc(73)] ReadMemory at 0x1fbdfcf6a70 of 512 bytes failed: Only part of a ReadProcessMemory or WriteProcessMemory request was completed. (0x12B)
[0726/133337.201:ERROR:process_memory_win.cc(73)] ReadMemory at 0x1fbdff4ff80 of 512 bytes failed: Only part of a ReadProcessMemory or WriteProcessMemory request was completed. (0x12B)
[0726/133337.201:ERROR:process_memory_win.cc(73)] ReadMemory at 0x1fbdff7fa00 of 512 bytes failed: Only part of a ReadProcessMemory or WriteProcessMemory request was completed. (0x12B)
[0726/133337.201:ERROR:process_memory_win.cc(73)] ReadMemory at 0x1fbdfffde10 of 512 bytes failed: Only part of a ReadProcessMemory or WriteProcessMemory request was completed. (0x12B)
[0726/133337.201:ERROR:process_memory_win.cc(73)] ReadMemory at 0x1fbe00767e0 of 512 bytes failed: Only part of a ReadProcessMemory or WriteProcessMemory request was completed. (0x12B)
[0726/133337.201:ERROR:process_memory_win.cc(73)] ReadMemory at 0x7ff93bea792e of 512 bytes failed: Only part of a ReadProcessMemory or WriteProcessMemory request was completed. (0x12B)
[0726/133337.201:ERROR:process_memory_win.cc(73)] ReadMemory at 0x7ff93dda8fa0 of 512 bytes failed: Only part of a ReadProcessMemory or WriteProcessMemory request was completed. (0x12B)
[0726/133337.201:ERROR:process_memory_win.cc(73)] ReadMemory at 0x7ff93e11701c of 512 bytes failed: Only part of a ReadProcessMemory or WriteProcessMemory request was completed. (0x12B)
[0726/133337.201:ERROR:process_memory_win.cc(73)] ReadMemory at 0x7ff93e6a968c of 512 bytes failed: Only part of a ReadProcessMemory or WriteProcessMemory request was completed. (0x12B)
[0726/133337.201:ERROR:process_memory_win.cc(73)] ReadMemory at 0x7ff943c978bc of 512 bytes failed: Only part of a ReadProcessMemory or WriteProcessMemory request was completed. (0x12B)
[0726/133337.201:ERROR:process_memory_win.cc(73)] ReadMemory at 0x7ff9ac3aa719 of 512 bytes failed: Only part of a ReadProcessMemory or WriteProcessMemory request was completed. (0x12B)
[0726/133337.201:ERROR:process_memory_win.cc(73)] ReadMemory at 0x7ff9af3bc074 of 672 bytes failed: Only part of a ReadProcessMemory or WriteProcessMemory request was completed. (0x12B)
[0726/133337.201:ERROR:process_memory_win.cc(73)] ReadMemory at 0x7ff9af3bc674 of 512 bytes failed: Only part of a ReadProcessMemory or WriteProcessMemory request was completed. (0x12B)
[0726/133337.201:ERROR:process_memory_win.cc(73)] ReadMemory at 0x7ff9af3bf924 of 608 bytes failed: Only part of a ReadProcessMemory or WriteProcessMemory request was completed. (0x12B)
[0726/133337.201:ERROR:process_memory_win.cc(73)] ReadMemory at 0x7ff9af44c428 of 18 bytes failed: Only part of a ReadProcessMemory or WriteProcessMemory request was completed. (0x12B)
[0726/133337.201:ERROR:process_memory_win.cc(73)] ReadMemory at 0x7ff9af47f4f8 of 40 bytes failed: Only part of a ReadProcessMemory or WriteProcessMemory request was completed. (0x12B)
[0726/133337.201:ERROR:process_memory_win.cc(73)] ReadMemory at 0x7ff9af47f978 of 48 bytes failed: Only part of a ReadProcessMemory or WriteProcessMemory request was completed. (0x12B)
[0726/133337.201:ERROR:process_memory_win.cc(73)] ReadMemory at 0x7ff9af4853c0 of 64 bytes failed: Only part of a ReadProcessMemory or WriteProcessMemory request was completed. (0x12B)
[0726/133337.201:ERROR:scoped_process_suspend.cc(40)] NtResumeProcess: An attempt was made to access an exiting process. (0xc000010a)
